android/app/build/intermediates/manifest_merge_blame_file/release/manifest-merger-blame-release-report.txt
1<?xml version="1.0" encoding="utf-8"?>
2<manifest xmlns:android="http://schemas.android.com/apk/res/android"
3    package="com.bongomeals.food"
4    android:versionCode="5"
5    android:versionName="1.5" >
6
7    <uses-sdk
8        android:minSdkVersion="21"
8-->src\main\AndroidManifest.xml
9        android:targetSdkVersion="33" />
9-->src\main\AndroidManifest.xml
10
11    <uses-permission android:name="android.permission.INTERNET" />
11-->src\main\AndroidManifest.xml:3:5-67
11-->src\main\AndroidManifest.xml:3:22-64
12    <uses-permission android:name="android.permission.VIBRATE" />
12-->src\main\AndroidManifest.xml:4:5-66
12-->src\main\AndroidManifest.xml:4:22-63
13    <uses-permission android:name="android.permission.RECEIVE_BOOT_COMPLETED" />
13-->src\main\AndroidManifest.xml:5:5-80
13-->src\main\AndroidManifest.xml:5:22-78
14    <uses-permission android:name="android.permission.ACCESS_COARSE_LOCATION" />
14-->src\main\AndroidManifest.xml:6:5-81
14-->src\main\AndroidManifest.xml:6:22-78
15    <uses-permission android:name="android.permission.ACCESS_FINE_LOCATION" />
15-->src\main\AndroidManifest.xml:7:5-79
15-->src\main\AndroidManifest.xml:7:22-76
16    <uses-permission android:name="android.permission.ACCESS_NETWORK_STATE" />
16-->src\main\AndroidManifest.xml:8:5-79
16-->src\main\AndroidManifest.xml:8:22-76
17    <uses-permission android:name="android.permission.WAKE_LOCK" /> <!-- Required to access Google Play Licensing -->
17-->[:react-native-firebase_database] AndroidManifest.xml:8:5-68
17-->[:react-native-firebase_database] AndroidManifest.xml:8:22-65
18    <uses-permission android:name="com.android.vending.CHECK_LICENSE" /> <!-- Required to check whether Wi-Fi is enabled -->
18-->[:rn-fetch-blob] AndroidManifest.xml:8:5-73
18-->[:rn-fetch-blob] AndroidManifest.xml:8:22-70
19    <uses-permission android:name="android.permission.ACCESS_WIFI_STATE" /> <!-- Required to read and write the expansion files on shared storage -->
19-->[:rn-fetch-blob] AndroidManifest.xml:26:5-76
19-->[:rn-fetch-blob] AndroidManifest.xml:26:22-73
20    <uses-permission android:name="android.permission.WRITE_EXTERNAL_STORAGE" />
20-->[:rn-fetch-blob] AndroidManifest.xml:29:5-81
20-->[:rn-fetch-blob] AndroidManifest.xml:29:22-78
21    <uses-permission android:name="android.permission.READ_EXTERNAL_STORAGE" />
22
23    <queries>
23-->[com.razorpay:checkout:1.6.36] AndroidManifest.xml:10:5-39:15
24        <intent>
24-->[com.razorpay:checkout:1.6.36] AndroidManifest.xml:11:9-17:18
25            <action android:name="android.intent.action.VIEW" />
25-->[com.razorpay:checkout:1.6.36] AndroidManifest.xml:12:13-65
25-->[com.razorpay:checkout:1.6.36] AndroidManifest.xml:12:21-62
26
27            <data
27-->[com.razorpay:checkout:1.6.36] AndroidManifest.xml:14:13-16:38
28                android:mimeType="*/*"
28-->[com.razorpay:checkout:1.6.36] AndroidManifest.xml:15:17-39
29                android:scheme="*" />
29-->[com.razorpay:checkout:1.6.36] AndroidManifest.xml:16:17-35
30        </intent>
31        <intent>
31-->[com.razorpay:checkout:1.6.36] AndroidManifest.xml:18:9-27:18
32            <action android:name="android.intent.action.VIEW" />
32-->[com.razorpay:checkout:1.6.36] AndroidManifest.xml:12:13-65
32-->[com.razorpay:checkout:1.6.36] AndroidManifest.xml:12:21-62
33
34            <category android:name="android.intent.category.BROWSABLE" />
34-->[com.razorpay:checkout:1.6.36] AndroidManifest.xml:21:13-74
34-->[com.razorpay:checkout:1.6.36] AndroidManifest.xml:21:23-71
35
36            <data
36-->[com.razorpay:checkout:1.6.36] AndroidManifest.xml:14:13-16:38
37                android:host="pay"
38                android:mimeType="*/*"
38-->[com.razorpay:checkout:1.6.36] AndroidManifest.xml:15:17-39
39                android:scheme="upi" />
39-->[com.razorpay:checkout:1.6.36] AndroidManifest.xml:16:17-35
40        </intent>
41        <intent>
41-->[com.razorpay:checkout:1.6.36] AndroidManifest.xml:28:9-30:18
42            <action android:name="android.intent.action.MAIN" />
42-->src\main\AndroidManifest.xml:51:13-65
42-->src\main\AndroidManifest.xml:51:21-62
43        </intent>
44        <intent>
44-->[com.razorpay:checkout:1.6.36] AndroidManifest.xml:31:9-35:18
45            <action android:name="android.intent.action.SEND" />
45-->[com.razorpay:checkout:1.6.36] AndroidManifest.xml:32:13-65
45-->[com.razorpay:checkout:1.6.36] AndroidManifest.xml:32:21-62
46
47            <data android:mimeType="*/*" />
47-->[com.razorpay:checkout:1.6.36] AndroidManifest.xml:14:13-16:38
47-->[com.razorpay:checkout:1.6.36] AndroidManifest.xml:15:17-39
48        </intent>
49        <intent>
49-->[com.razorpay:checkout:1.6.36] AndroidManifest.xml:36:9-38:18
50            <action android:name="rzp.device_token.share" />
50-->[com.razorpay:checkout:1.6.36] AndroidManifest.xml:37:13-61
50-->[com.razorpay:checkout:1.6.36] AndroidManifest.xml:37:21-58
51        </intent>
52        <!-- Needs to be explicitly declared on Android R+ -->
53        <package android:name="com.google.android.apps.maps" />
53-->[com.google.android.gms:play-services-maps:18.0.2] AndroidManifest.xml:33:9-64
53-->[com.google.android.gms:play-services-maps:18.0.2] AndroidManifest.xml:33:18-61
54    </queries>
55
56    <uses-feature
56-->[com.google.android.gms:play-services-maps:18.0.2] AndroidManifest.xml:26:5-28:35
57        android:glEsVersion="0x00020000"
57-->[com.google.android.gms:play-services-maps:18.0.2] AndroidManifest.xml:27:9-41
58        android:required="true" />
58-->[com.google.android.gms:play-services-maps:18.0.2] AndroidManifest.xml:28:9-32
59
60    <uses-permission android:name="android.permission.POST_NOTIFICATIONS" /> <!-- Required by older versions of Google Play services to create IID tokens -->
60-->[com.google.firebase:firebase-messaging:23.1.2] AndroidManifest.xml:25:5-77
60-->[com.google.firebase:firebase-messaging:23.1.2] AndroidManifest.xml:25:22-74
61    <uses-permission android:name="com.google.android.c2dm.permission.RECEIVE" />
61-->[com.google.firebase:firebase-messaging:23.1.2] AndroidManifest.xml:28:5-82
61-->[com.google.firebase:firebase-messaging:23.1.2] AndroidManifest.xml:28:22-79
62    <uses-permission android:name="com.google.android.gms.permission.AD_ID" />
62-->[com.google.android.gms:play-services-measurement-api:21.2.1] AndroidManifest.xml:25:5-79
62-->[com.google.android.gms:play-services-measurement-api:21.2.1] AndroidManifest.xml:25:22-76
63    <uses-permission android:name="com.google.android.finsky.permission.BIND_GET_INSTALL_REFERRER_SERVICE" />
63-->[com.google.android.gms:play-services-measurement:21.2.1] AndroidManifest.xml:26:5-110
63-->[com.google.android.gms:play-services-measurement:21.2.1] AndroidManifest.xml:26:22-107
64    <uses-permission android:name="android.permission.FOREGROUND_SERVICE" /> <!-- for android -->
64-->[androidx.work:work-runtime:2.7.1] AndroidManifest.xml:28:5-77
64-->[androidx.work:work-runtime:2.7.1] AndroidManifest.xml:28:22-74
65    <!-- <uses-permission android:name="com.android.launcher.permission.READ_SETTINGS"/> -->
66    <!-- <uses-permission android:name="com.android.launcher.permission.WRITE_SETTINGS"/> -->
67    <!-- <uses-permission android:name="com.android.launcher.permission.INSTALL_SHORTCUT" /> -->
68    <!-- <uses-permission android:name="com.android.launcher.permission.UNINSTALL_SHORTCUT" /> -->
69    <!-- for Samsung -->
70    <uses-permission android:name="com.sec.android.provider.badge.permission.READ" />
70-->[me.leolin:ShortcutBadger:1.1.22] AndroidManifest.xml:19:5-86
70-->[me.leolin:ShortcutBadger:1.1.22] AndroidManifest.xml:19:22-83
71    <uses-permission android:name="com.sec.android.provider.badge.permission.WRITE" /> <!-- for htc -->
71-->[me.leolin:ShortcutBadger:1.1.22] AndroidManifest.xml:20:5-87
71-->[me.leolin:ShortcutBadger:1.1.22] AndroidManifest.xml:20:22-84
72    <uses-permission android:name="com.htc.launcher.permission.READ_SETTINGS" />
72-->[me.leolin:ShortcutBadger:1.1.22] AndroidManifest.xml:23:5-81
72-->[me.leolin:ShortcutBadger:1.1.22] AndroidManifest.xml:23:22-78
73    <uses-permission android:name="com.htc.launcher.permission.UPDATE_SHORTCUT" /> <!-- for sony -->
73-->[me.leolin:ShortcutBadger:1.1.22] AndroidManifest.xml:24:5-83
73-->[me.leolin:ShortcutBadger:1.1.22] AndroidManifest.xml:24:22-80
74    <uses-permission android:name="com.sonyericsson.home.permission.BROADCAST_BADGE" />
74-->[me.leolin:ShortcutBadger:1.1.22] AndroidManifest.xml:27:5-88
74-->[me.leolin:ShortcutBadger:1.1.22] AndroidManifest.xml:27:22-85
75    <uses-permission android:name="com.sonymobile.home.permission.PROVIDER_INSERT_BADGE" /> <!-- for apex -->
75-->[me.leolin:ShortcutBadger:1.1.22] AndroidManifest.xml:28:5-92
75-->[me.leolin:ShortcutBadger:1.1.22] AndroidManifest.xml:28:22-89
76    <uses-permission android:name="com.anddoes.launcher.permission.UPDATE_COUNT" /> <!-- for solid -->
76-->[me.leolin:ShortcutBadger:1.1.22] AndroidManifest.xml:31:5-84
76-->[me.leolin:ShortcutBadger:1.1.22] AndroidManifest.xml:31:22-81
77    <uses-permission android:name="com.majeur.launcher.permission.UPDATE_BADGE" /> <!-- for huawei -->
77-->[me.leolin:ShortcutBadger:1.1.22] AndroidManifest.xml:34:5-83
77-->[me.leolin:ShortcutBadger:1.1.22] AndroidManifest.xml:34:22-80
78    <uses-permission android:name="com.huawei.android.launcher.permission.CHANGE_BADGE" />
78-->[me.leolin:ShortcutBadger:1.1.22] AndroidManifest.xml:37:5-91
78-->[me.leolin:ShortcutBadger:1.1.22] AndroidManifest.xml:37:22-88
79    <uses-permission android:name="com.huawei.android.launcher.permission.READ_SETTINGS" />
79-->[me.leolin:ShortcutBadger:1.1.22] AndroidManifest.xml:38:5-92
79-->[me.leolin:ShortcutBadger:1.1.22] AndroidManifest.xml:38:22-89
80    <uses-permission android:name="com.huawei.android.launcher.permission.WRITE_SETTINGS" /> <!-- for ZUK -->
80-->[me.leolin:ShortcutBadger:1.1.22] AndroidManifest.xml:39:5-93
80-->[me.leolin:ShortcutBadger:1.1.22] AndroidManifest.xml:39:22-90
81    <uses-permission android:name="android.permission.READ_APP_BADGE" /> <!-- for OPPO -->
81-->[me.leolin:ShortcutBadger:1.1.22] AndroidManifest.xml:42:5-73
81-->[me.leolin:ShortcutBadger:1.1.22] AndroidManifest.xml:42:22-70
82    <uses-permission android:name="com.oppo.launcher.permission.READ_SETTINGS" />
82-->[me.leolin:ShortcutBadger:1.1.22] AndroidManifest.xml:45:5-82
82-->[me.leolin:ShortcutBadger:1.1.22] AndroidManifest.xml:45:22-79
83    <uses-permission android:name="com.oppo.launcher.permission.WRITE_SETTINGS" /> <!-- for EvMe -->
83-->[me.leolin:ShortcutBadger:1.1.22] AndroidManifest.xml:46:5-83
83-->[me.leolin:ShortcutBadger:1.1.22] AndroidManifest.xml:46:22-80
84    <uses-permission android:name="me.everything.badger.permission.BADGE_COUNT_READ" />
84-->[me.leolin:ShortcutBadger:1.1.22] AndroidManifest.xml:49:5-88
84-->[me.leolin:ShortcutBadger:1.1.22] AndroidManifest.xml:49:22-85
85    <uses-permission android:name="me.everything.badger.permission.BADGE_COUNT_WRITE" />
85-->[me.leolin:ShortcutBadger:1.1.22] AndroidManifest.xml:50:5-89
85-->[me.leolin:ShortcutBadger:1.1.22] AndroidManifest.xml:50:22-86
86
87    <application
87-->src\main\AndroidManifest.xml:9:5-60:19
88        android:name="com.bongomeals.food.MainApplication"
88-->src\main\AndroidManifest.xml:10:7-38
89        android:allowBackup="false"
89-->src\main\AndroidManifest.xml:14:7-34
90        android:appComponentFactory="androidx.core.app.CoreComponentFactory"
90-->[androidx.core:core:1.7.0] AndroidManifest.xml:24:18-86
91        android:icon="@mipmap/ic_launcher"
91-->src\main\AndroidManifest.xml:12:7-41
92        android:label="@string/app_name"
92-->src\main\AndroidManifest.xml:11:7-39
93        android:networkSecurityConfig="@xml/network_security_config"
93-->src\main\AndroidManifest.xml:17:7-67
94        android:roundIcon="@mipmap/ic_launcher_round"
94-->src\main\AndroidManifest.xml:13:7-52
95        android:theme="@style/AppTheme"
95-->src\main\AndroidManifest.xml:15:7-38
96        android:usesCleartextTraffic="true" >
96-->src\main\AndroidManifest.xml:16:7-42
97
98        <!-- Change the value to true to enable pop-up for in foreground on receiving remote notifications (for prevent duplicating while showing local notifications set this to false) -->
99        <meta-data
99-->src\main\AndroidManifest.xml:20:9-21:44
100            android:name="com.dieam.reactnativepushnotification.notification_foreground"
100-->src\main\AndroidManifest.xml:20:21-97
101            android:value="false" />
101-->src\main\AndroidManifest.xml:21:21-42
102        <!-- Change the resource name to your App's accent color - or any other color you want -->
103        <meta-data
103-->src\main\AndroidManifest.xml:23:9-24:54
104            android:name="com.dieam.reactnativepushnotification.notification_color"
104-->src\main\AndroidManifest.xml:23:21-92
105            android:resource="@color/white" /> <!-- or @android:color/{name} to use a standard color -->
105-->src\main\AndroidManifest.xml:24:21-52
106
107        <receiver android:name="com.dieam.reactnativepushnotification.modules.RNPushNotificationActions" />
107-->src\main\AndroidManifest.xml:26:9-109
107-->src\main\AndroidManifest.xml:26:20-106
108        <receiver android:name="com.dieam.reactnativepushnotification.modules.RNPushNotificationPublisher" />
108-->src\main\AndroidManifest.xml:27:9-111
108-->src\main\AndroidManifest.xml:27:20-108
109        <receiver
109-->src\main\AndroidManifest.xml:28:9-34:20
110            android:name="com.dieam.reactnativepushnotification.modules.RNPushNotificationBootEventReceiver"
110-->src\main\AndroidManifest.xml:28:43-139
111            android:exported="true" >
111-->src\main\AndroidManifest.xml:28:19-42
112            <intent-filter>
112-->src\main\AndroidManifest.xml:29:13-33:29
113                <action android:name="android.intent.action.BOOT_COMPLETED" />
113-->src\main\AndroidManifest.xml:30:17-79
113-->src\main\AndroidManifest.xml:30:25-76
114                <action android:name="android.intent.action.QUICKBOOT_POWERON" />
114-->src\main\AndroidManifest.xml:31:17-82
114-->src\main\AndroidManifest.xml:31:25-79
115                <action android:name="com.htc.intent.action.QUICKBOOT_POWERON" />
115-->src\main\AndroidManifest.xml:32:17-81
115-->src\main\AndroidManifest.xml:32:25-79
116            </intent-filter>
117        </receiver>
118
119        <service
119-->src\main\AndroidManifest.xml:36:9-42:19
120            android:name="com.dieam.reactnativepushnotification.modules.RNPushNotificationListenerService"
120-->src\main\AndroidManifest.xml:37:13-107
121            android:exported="false" >
121-->src\main\AndroidManifest.xml:38:13-37
122            <intent-filter>
122-->src\main\AndroidManifest.xml:39:13-41:29
123                <action android:name="com.google.firebase.MESSAGING_EVENT" />
123-->src\main\AndroidManifest.xml:40:17-78
123-->src\main\AndroidManifest.xml:40:25-75
124            </intent-filter>
125        </service>
126
127        <activity
127-->src\main\AndroidManifest.xml:43:7-54:18
128            android:name="com.bongomeals.food.MainActivity"
128-->src\main\AndroidManifest.xml:44:9-37
129            android:configChanges="keyboard|keyboardHidden|orientation|screenLayout|screenSize|smallestScreenSize|uiMode"
129-->src\main\AndroidManifest.xml:46:9-118
130            android:exported="true"
130-->src\main\AndroidManifest.xml:49:9-32
131            android:label="@string/app_name"
131-->src\main\AndroidManifest.xml:45:9-41
132            android:launchMode="singleTask"
132-->src\main\AndroidManifest.xml:47:9-40
133            android:windowSoftInputMode="adjustResize" >
133-->src\main\AndroidManifest.xml:48:9-51
134            <intent-filter>
134-->src\main\AndroidManifest.xml:50:9-53:25
135                <action android:name="android.intent.action.MAIN" />
135-->src\main\AndroidManifest.xml:51:13-65
135-->src\main\AndroidManifest.xml:51:21-62
136
137                <category android:name="android.intent.category.LAUNCHER" />
137-->src\main\AndroidManifest.xml:52:13-73
137-->src\main\AndroidManifest.xml:52:23-70
138            </intent-filter>
139        </activity>
140
141        <meta-data
141-->src\main\AndroidManifest.xml:56:8-58:66
142            android:name="com.google.android.geo.API_KEY"
142-->src\main\AndroidManifest.xml:57:9-54
143            android:value="AIzaSyCp77n_8Z2QDcWMebzUwHK_z3Q1ibZifkA" />
143-->src\main\AndroidManifest.xml:58:9-64
144        <meta-data
144-->[:react-native-firebase_app] AndroidManifest.xml:9:9-11:36
145            android:name="app_data_collection_default_enabled"
145-->[:react-native-firebase_app] AndroidManifest.xml:10:13-63
146            android:value="true" />
146-->[:react-native-firebase_app] AndroidManifest.xml:11:13-33
147
148        <service
148-->[:react-native-firebase_app] AndroidManifest.xml:13:9-21:19
149            android:name="com.google.firebase.components.ComponentDiscoveryService"
149-->[:react-native-firebase_app] AndroidManifest.xml:14:13-84
150            android:directBootAware="true"
150-->[:react-native-firebase_app] AndroidManifest.xml:15:13-43
151            android:exported="false" >
151-->[:react-native-firebase_app] AndroidManifest.xml:16:13-37
152            <meta-data
152-->[:react-native-firebase_app] AndroidManifest.xml:18:13-20:85
153                android:name="com.google.firebase.components:io.invertase.firebase.app.ReactNativeFirebaseAppRegistrar"
153-->[:react-native-firebase_app] AndroidManifest.xml:19:17-120
154                android:value="com.google.firebase.components.ComponentRegistrar" />
154-->[:react-native-firebase_app] AndroidManifest.xml:20:17-82
155            <meta-data
155-->[com.google.firebase:firebase-messaging:23.1.2] AndroidManifest.xml:55:13-57:85
156                android:name="com.google.firebase.components:com.google.firebase.messaging.FirebaseMessagingRegistrar"
156-->[com.google.firebase:firebase-messaging:23.1.2] AndroidManifest.xml:56:17-119
157                android:value="com.google.firebase.components.ComponentRegistrar" />
157-->[com.google.firebase:firebase-messaging:23.1.2] AndroidManifest.xml:57:17-82
158            <meta-data
158-->[com.google.firebase:firebase-database:20.1.0] AndroidManifest.xml:31:13-33:85
159                android:name="com.google.firebase.components:com.google.firebase.database.DatabaseRegistrar"
159-->[com.google.firebase:firebase-database:20.1.0] AndroidManifest.xml:32:17-109
160                android:value="com.google.firebase.components.ComponentRegistrar" />
160-->[com.google.firebase:firebase-database:20.1.0] AndroidManifest.xml:33:17-82
161            <meta-data
161-->[com.google.android.gms:play-services-measurement-api:21.2.1] AndroidManifest.xml:31:13-33:85
162                android:name="com.google.firebase.components:com.google.firebase.analytics.connector.internal.AnalyticsConnectorRegistrar"
162-->[com.google.android.gms:play-services-measurement-api:21.2.1] AndroidManifest.xml:32:17-139
163                android:value="com.google.firebase.components.ComponentRegistrar" />
163-->[com.google.android.gms:play-services-measurement-api:21.2.1] AndroidManifest.xml:33:17-82
164            <meta-data
164-->[com.google.firebase:firebase-datatransport:18.1.7] AndroidManifest.xml:27:13-29:85
165                android:name="com.google.firebase.components:com.google.firebase.datatransport.TransportRegistrar"
165-->[com.google.firebase:firebase-datatransport:18.1.7] AndroidManifest.xml:28:17-115
166                android:value="com.google.firebase.components.ComponentRegistrar" />
166-->[com.google.firebase:firebase-datatransport:18.1.7] AndroidManifest.xml:29:17-82
167            <meta-data
167-->[com.google.firebase:firebase-installations:17.1.3] AndroidManifest.xml:17:13-19:85
168                android:name="com.google.firebase.components:com.google.firebase.installations.FirebaseInstallationsRegistrar"
168-->[com.google.firebase:firebase-installations:17.1.3] AndroidManifest.xml:18:17-127
169                android:value="com.google.firebase.components.ComponentRegistrar" />
169-->[com.google.firebase:firebase-installations:17.1.3] AndroidManifest.xml:19:17-82
170        </service>
171
172        <provider
172-->[:react-native-firebase_app] AndroidManifest.xml:23:9-27:38
173            android:name="io.invertase.firebase.app.ReactNativeFirebaseAppInitProvider"
173-->[:react-native-firebase_app] AndroidManifest.xml:24:13-88
174            android:authorities="com.bongomeals.food.reactnativefirebaseappinitprovider"
174-->[:react-native-firebase_app] AndroidManifest.xml:25:13-86
175            android:exported="false"
175-->[:react-native-firebase_app] AndroidManifest.xml:26:13-37
176            android:initOrder="99" />
176-->[:react-native-firebase_app] AndroidManifest.xml:27:13-35
177        <provider
177-->[:react-native-image-picker] AndroidManifest.xml:8:9-16:20
178            android:name="com.imagepicker.ImagePickerProvider"
178-->[:react-native-image-picker] AndroidManifest.xml:9:13-63
179            android:authorities="com.bongomeals.food.imagepickerprovider"
179-->[:react-native-image-picker] AndroidManifest.xml:10:13-71
180            android:exported="false"
180-->[:react-native-image-picker] AndroidManifest.xml:11:13-37
181            android:grantUriPermissions="true" >
181-->[:react-native-image-picker] AndroidManifest.xml:12:13-47
182            <meta-data
182-->[:react-native-image-picker] AndroidManifest.xml:13:13-15:70
183                android:name="android.support.FILE_PROVIDER_PATHS"
183-->[:react-native-image-picker] AndroidManifest.xml:14:17-67
184                android:resource="@xml/imagepicker_provider_paths" />
184-->[:react-native-image-picker] AndroidManifest.xml:15:17-67
185        </provider>
186
187        <activity
187-->[:react-native-razorpay] AndroidManifest.xml:8:9-10:86
188            android:name="com.razorpay.CheckoutActivity"
188-->[:react-native-razorpay] AndroidManifest.xml:9:13-57
189            android:configChanges="keyboard|keyboardHidden|orientation|screenSize"
189-->[:react-native-razorpay] AndroidManifest.xml:10:13-83
190            android:exported="false"
190-->[com.razorpay:checkout:1.6.36] AndroidManifest.xml:54:13-37
191            android:theme="@style/CheckoutTheme" >
191-->[com.razorpay:checkout:1.6.36] AndroidManifest.xml:55:13-49
192            <intent-filter>
192-->[com.razorpay:checkout:1.6.36] AndroidManifest.xml:56:13-58:29
193                <action android:name="android.intent.action.MAIN" />
193-->src\main\AndroidManifest.xml:51:13-65
193-->src\main\AndroidManifest.xml:51:21-62
194            </intent-filter>
195        </activity>
196
197        <provider
197-->[:react-native-webview] AndroidManifest.xml:8:9-16:20
198            android:name="com.reactnativecommunity.webview.RNCWebViewFileProvider"
198-->[:react-native-webview] AndroidManifest.xml:9:13-83
199            android:authorities="com.bongomeals.food.fileprovider"
199-->[:react-native-webview] AndroidManifest.xml:10:13-64
200            android:exported="false"
200-->[:react-native-webview] AndroidManifest.xml:11:13-37
201            android:grantUriPermissions="true" >
201-->[:react-native-webview] AndroidManifest.xml:12:13-47
202            <meta-data
202-->[:react-native-image-picker] AndroidManifest.xml:13:13-15:70
203                android:name="android.support.FILE_PROVIDER_PATHS"
203-->[:react-native-image-picker] AndroidManifest.xml:14:17-67
204                android:resource="@xml/file_provider_paths" />
204-->[:react-native-image-picker] AndroidManifest.xml:15:17-67
205        </provider>
206        <provider
206-->[:rn-fetch-blob] AndroidManifest.xml:32:9-40:20
207            android:name="com.RNFetchBlob.Utils.FileProvider"
207-->[:rn-fetch-blob] AndroidManifest.xml:33:13-62
208            android:authorities="com.bongomeals.food.provider"
208-->[:rn-fetch-blob] AndroidManifest.xml:34:13-60
209            android:exported="false"
209-->[:rn-fetch-blob] AndroidManifest.xml:35:13-37
210            android:grantUriPermissions="true" >
210-->[:rn-fetch-blob] AndroidManifest.xml:36:13-47
211            <meta-data
211-->[:react-native-image-picker] AndroidManifest.xml:13:13-15:70
212                android:name="android.support.FILE_PROVIDER_PATHS"
212-->[:react-native-image-picker] AndroidManifest.xml:14:17-67
213                android:resource="@xml/provider_paths" />
213-->[:react-native-image-picker] AndroidManifest.xml:15:17-67
214        </provider>
215
216        <receiver
216-->[com.razorpay:checkout:1.6.36] AndroidManifest.xml:42:9-49:20
217            android:name="com.razorpay.RzpTokenReceiver"
217-->[com.razorpay:checkout:1.6.36] AndroidManifest.xml:43:13-57
218            android:exported="true" >
218-->[com.razorpay:checkout:1.6.36] AndroidManifest.xml:44:13-36
219            <intent-filter>
219-->[com.razorpay:checkout:1.6.36] AndroidManifest.xml:46:13-48:29
220                <action android:name="rzp.device_token.share" />
220-->[com.razorpay:checkout:1.6.36] AndroidManifest.xml:37:13-61
220-->[com.razorpay:checkout:1.6.36] AndroidManifest.xml:37:21-58
221            </intent-filter>
222        </receiver>
223
224        <meta-data
224-->[com.razorpay:checkout:1.6.36] AndroidManifest.xml:61:9-63:58
225            android:name="com.razorpay.plugin.googlepay_all"
225-->[com.razorpay:checkout:1.6.36] AndroidManifest.xml:62:13-61
226            android:value="com.razorpay.RzpGpayMerged" />
226-->[com.razorpay:checkout:1.6.36] AndroidManifest.xml:63:13-55
227
228        <activity
228-->[com.google.android.gms:play-services-auth:20.3.0] AndroidManifest.xml:23:9-27:75
229            android:name="com.google.android.gms.auth.api.signin.internal.SignInHubActivity"
229-->[com.google.android.gms:play-services-auth:20.3.0] AndroidManifest.xml:24:13-93
230            android:excludeFromRecents="true"
230-->[com.google.android.gms:play-services-auth:20.3.0] AndroidManifest.xml:25:13-46
231            android:exported="false"
231-->[com.google.android.gms:play-services-auth:20.3.0] AndroidManifest.xml:26:13-37
232            android:theme="@android:style/Theme.Translucent.NoTitleBar" />
232-->[com.google.android.gms:play-services-auth:20.3.0] AndroidManifest.xml:27:13-72
233        <!--
234            Service handling Google Sign-In user revocation. For apps that do not integrate with
235            Google Sign-In, this service will never be started.
236        -->
237        <service
237-->[com.google.android.gms:play-services-auth:20.3.0] AndroidManifest.xml:33:9-37:51
238            android:name="com.google.android.gms.auth.api.signin.RevocationBoundService"
238-->[com.google.android.gms:play-services-auth:20.3.0] AndroidManifest.xml:34:13-89
239            android:exported="true"
239-->[com.google.android.gms:play-services-auth:20.3.0] AndroidManifest.xml:35:13-36
240            android:permission="com.google.android.gms.auth.api.signin.permission.REVOCATION_NOTIFICATION"
240-->[com.google.android.gms:play-services-auth:20.3.0] AndroidManifest.xml:36:13-107
241            android:visibleToInstantApps="true" />
241-->[com.google.android.gms:play-services-auth:20.3.0] AndroidManifest.xml:37:13-48
242
243        <meta-data
243-->[com.github.bumptech.glide:okhttp3-integration:4.12.0] AndroidManifest.xml:11:9-13:43
244            android:name="com.bumptech.glide.integration.okhttp3.OkHttpGlideModule"
244-->[com.github.bumptech.glide:okhttp3-integration:4.12.0] AndroidManifest.xml:12:13-84
245            android:value="GlideModule" /> <!-- Needs to be explicitly declared on P+ -->
245-->[com.github.bumptech.glide:okhttp3-integration:4.12.0] AndroidManifest.xml:13:13-40
246        <uses-library
246-->[com.google.android.gms:play-services-maps:18.0.2] AndroidManifest.xml:39:9-41:40
247            android:name="org.apache.http.legacy"
247-->[com.google.android.gms:play-services-maps:18.0.2] AndroidManifest.xml:40:13-50
248            android:required="false" />
248-->[com.google.android.gms:play-services-maps:18.0.2] AndroidManifest.xml:41:13-37
249
250        <receiver
250-->[com.google.firebase:firebase-messaging:23.1.2] AndroidManifest.xml:31:9-38:20
251            android:name="com.google.firebase.iid.FirebaseInstanceIdReceiver"
251-->[com.google.firebase:firebase-messaging:23.1.2] AndroidManifest.xml:32:13-78
252            android:exported="true"
252-->[com.google.firebase:firebase-messaging:23.1.2] AndroidManifest.xml:33:13-36
253            android:permission="com.google.android.c2dm.permission.SEND" >
253-->[com.google.firebase:firebase-messaging:23.1.2] AndroidManifest.xml:34:13-73
254            <intent-filter>
254-->[com.google.firebase:firebase-messaging:23.1.2] AndroidManifest.xml:35:13-37:29
255                <action android:name="com.google.android.c2dm.intent.RECEIVE" />
255-->[com.google.firebase:firebase-messaging:23.1.2] AndroidManifest.xml:36:17-81
255-->[com.google.firebase:firebase-messaging:23.1.2] AndroidManifest.xml:36:25-78
256            </intent-filter>
257        </receiver>
258        <!--
259             FirebaseMessagingService performs security checks at runtime,
260             but set to not exported to explicitly avoid allowing another app to call it.
261        -->
262        <service
262-->[com.google.firebase:firebase-messaging:23.1.2] AndroidManifest.xml:44:9-51:19
263            android:name="com.google.firebase.messaging.FirebaseMessagingService"
263-->[com.google.firebase:firebase-messaging:23.1.2] AndroidManifest.xml:45:13-82
264            android:directBootAware="true"
264-->[com.google.firebase:firebase-messaging:23.1.2] AndroidManifest.xml:46:13-43
265            android:exported="false" >
265-->[com.google.firebase:firebase-messaging:23.1.2] AndroidManifest.xml:47:13-37
266            <intent-filter android:priority="-500" >
266-->src\main\AndroidManifest.xml:39:13-41:29
267                <action android:name="com.google.firebase.MESSAGING_EVENT" />
267-->src\main\AndroidManifest.xml:40:17-78